‚á, 14:28: [1/2] ALTERA ACEX-K30 STREAM 
K30\ACCELER.ACF
K30\ACCELER.INC
K30\ACCELER.TDF
K30\AY.ACF
K30\AY.INC
K30\AY.MIF
K30\AY.TDF
K30\DCP.ACF
K30\DCP.INC
K30\DCP.MIF
K30\DCP.TDF
K30\KBD.ACF
K30\KBD.INC
K30\KBD.TDF
K30\KBD_INI2.MIF
K30\MOUSE.ACF
K30\MOUSE.INC
K30\MOUSE.MIF
K30\MOUSE.TDF
K30\SP2_ACEX.ACF
K30\SP2_ACEX.TDF
K30\VIDEO2.ACF
K30\VIDEO2.INC
K30\VIDEO2.TDF
‘Ş®Ż¨ŕ®˘ ­® ä ©«®˘:        24.

**********************************************************************
MAX+plus II
Version 10.0 9/14/2000
Copyright (c) 1988-2000 Altera Corporation. All rights reserved.

This material is made available for use under a license from Altera
and its use is subject to all conditions and restrictions provided
by the license agreement.  U.S. and foreign patents apply to the
software program and the semiconductor components which are programmed
using the software program.

This program, these components, and the system comprising both
are covered by one or more of the following U.S. patents:

6,097,211; 6,094,064; 6,091,258; 6,091,102; 6,085,317; 6,084,427;
6,081,449; 6,080,204; 6,078,521; 6,076,179; 6,075,380; 6,072,358;
6,072,332; 6,069,487; 6,066,960; 6,064,599; 6,060,903; 6,058,452;
6,057,707; 6,052,755; 6,052,309; 6,052,327; 6,049,223; 6,049,225;
6,045,252;  6,043,676; 6,040,712; 6,038,171; 6,037,829; 6,034,857;
6,034,540; 6,034,536; 6,032,159; 6,031,763; 6,031,391; 6,029,236;
6,028,809; 6,028,808; 6,028,787; 6,026,226; 6,025,737; 6,023,439;
6,020,760; 6,020,759; 6,020,758; 6,018,490; 6,018,476; 6,014,334;
6,011,744; 6,011,730; 6,011,406; 6,005,379; 5,999,016; 5,999,015;
5,998,295; 5,996,039; 5,986,470; 5,986,465; 5,983,277; 5,982,195;
5,978,476; 5,977,793; 5,977,791; 5,968,161; 5,970,255; 5,966,597;
5,963,565; 5,969,051; 5,963,069; 5,963,049; 5,959,891; 5,953;537;
5,949,991; 5,949,710; 5,949,250; 5,949,239; 5,954,751; 5,943,267;
5,942,914; 5,940,852; 5,939,790; 5,936,425; 5,926,036; 5,925,904;
5,923,567; 5,915,756; 5,915,017; 5,909,450; 5,909,375; 5,909,126;
5,905,675; 5,904,524; 5,900,743; 5,898,628; 5,898,318; 5,894,228;
5,893,088; 5,892,683; 5,883,526; 5,880,725; 5,880,597; 5,880,596;
5,878,250; 5,875,112; 5,873,113; 5,872,529; 5,872,463; 5,870,410;
5,869,980; 5,869,979; 5,861,760; 5,859,544; 5,859,542; 5,850,365;
5,850,152; 5,850,151; 5,848,005; 5,847,617; 5,845,385; 5,844,854;
RE35,977; 5,838,628; 5,838,584; 5,835,998; 5,834,849; 5,828,229;
5,825,197; 5,821,787: 5,821,773; 5,821,771; 5,815,726; 5,815,024;
5,815,003; 5,812,479; 5,812,450; 5,809,281; 5,809,034; 5,805,516;
5,802,540; 5,801,541; 5,796,267; 5,793,246; 5,790,469; 5,787,009;
5,771,264; 5,768,562; 5,768,372; 5,767,734; 5,764,583; 5,764,569;
5,764,080; 5,764,079; 5,761,099; 5,760,624; 5,757,207; 5,757,070;
5,744,991; 5,744,383; 5,740,110; 5,732,020; 5,729,495; 5,717,901;
5,705,939; 5,699,020; 5,699,312; 5,696,455; 5,693,540; 5,694,058;
5,691,653; 5,689,195; 5,668,771; 5,680,061; 5,672,985; 5,670,895;
5,659,717; 5,650,734; 5,649,163; 5,642,262; 5,642,082; 5,633,830;
5,631,576; 5,621,312; 5,614,840; 5,612,642; 5,608,337; 5,606,276;
5,606,266; 5,604,453; 5,598,109; 5,598,108; 5,592,106; 5,592,102;
5,590,305; 5,583,749; 5,581,501; 5,574,893; 5,572,717; 5,572,148;
5,572,067; 5,570,040; 5,567,177; 5,565,793; 5,563,592; 5,561,757;
5,557,217; 5,555,214; 5,550,842; 5,550,782; 5,548,552; 5,548,228;
5,543,732; 5,543,730; 5,541,530; 5,537,295; 5,537,057; 5,525,917;
5,525,827; 5,523,706; 5,523,247; 5,517,186; 5,498,975; 5,495,182;
5,493,526; 5,493,519; 5,490,266; 5,488,586; 5,487,143; 5,486,775;
5,485,103; 5,485,102; 5,483,178; 5,477,474; 5,473,266; 5,463,328,
5,444,394; 5,438,295; 5,436,575; 5,436,574; 5,434,514; 5,432,467;
5,414,312; 5,399,922; 5,384,499; 5,376,844; 5,371,422; 5,369,314;
5,359,243; 5,359,242; 5,353,248; 5,352,940; 5,309,046; 5,350,954;
5,349,255; 5,341,308; 5,341,048; 5,341,044; 5,329,487; 5,317,210;
5,315,172; 5,301,416; 5,294,975; 5,285,153; 5,280,203; 5,274,581;
5,272,368; 5,268,598; 5,266,037; 5,260,611; 5,260,610; 5,258,668;
5,247,478; 5,247,477; 5,243,233; 5,241,224; 5,237,219; 5,220,533;
5,220,214; 5,200,920; 5,187,392; 5,166,604; 5,162,680; 5,144,167;
5,138,576; 5,128,565; 5,121,006; 5,111,423; 5,097,208; 5,091,661;
5,066,873; 5,045,772; 4,969,121; 4,930,107; 4,930,098; 4,930,097;
4,912,342; 4,903,223; 4,899,070; 4,899,067; 4,871,930; 4,864,161;
4,831,573; 4,785,423; 4,774,421; 4,713,792; 4,677,318; 4,617,479;
4,609,986; 4,020,469; Additional patents are pending.

Altera Corporation acknowledges the trademarks of other organizations
for their respective products or services mentioned in this software.

**********************************************************************
Compiling project c:\prj\sprinter\firmware\src\altera\acex\sp2_acex ....

**** Compiler Netlist Extractor  ****

Processing .                                        --   0% done
Warning: Line 109, File c:\prj\sprinter\firmware\src\altera\acex\sp2_acex.tdf:
Symbolic name "DMD10" was declared but never used
Warning: Line 180, File c:\prj\sprinter\firmware\src\altera\acex\sp2_acex.tdf:
Symbolic name "RGMOD4" was declared but never used
Warning: Line 92, File c:\prj\sprinter\firmware\src\altera\acex\sp2_acex.tdf:
Symbolic name "cth4" was declared but never used
Warning: Line 161, File c:\prj\sprinter\firmware\src\altera\acex\sp2_acex.tdf:
Symbolic name "RED1" was declared but never used
Warning: Line 163, File c:\prj\sprinter\firmware\src\altera\acex\sp2_acex.tdf:
Symbolic name "BLUE4" was declared but never used
Warning: Line 162, File c:\prj\sprinter\firmware\src\altera\acex\sp2_acex.tdf:
Symbolic name "GREEN0" was declared but never used
Warning: Line 109, File c:\prj\sprinter\firmware\src\altera\acex\sp2_acex.tdf:
Symbolic name "DMD5" was declared but never used
Warning: Line 180, File c:\prj\sprinter\firmware\src\altera\acex\sp2_acex.tdf:
Symbolic name "RGMOD5" was declared but never used
Warning: Line 93, File c:\prj\sprinter\firmware\src\altera\acex\sp2_acex.tdf:
Symbolic name "ctv0" was declared but never used
Warning: Line 161, File c:\prj\sprinter\firmware\src\altera\acex\sp2_acex.tdf:
Symbolic name "RED0" was declared but never used
Warning: Line 163, File c:\prj\sprinter\firmware\src\altera\acex\sp2_acex.tdf:
Symbolic name "BLUE5" was declared but never used
Warning: Line 162, File c:\prj\sprinter\firmware\src\altera\acex\sp2_acex.tdf:
Symbolic name "GREEN3" was declared but never used
Warning: Line 109, File c:\prj\sprinter\firmware\src\altera\acex\sp2_acex.tdf:
Symbolic name "DMD2" was declared but never used
Warning: Line 180, File c:\prj\sprinter\firmware\src\altera\acex\sp2_acex.tdf:
Symbolic name "RGMOD6" was declared but never used
Warning: Line 93, File c:\prj\sprinter\firmware\src\altera\acex\sp2_acex.tdf:
Symbolic name "ctv1" was declared but never used
Warning: Line 223, File c:\prj\sprinter\firmware\src\altera\acex\sp2_acex.tdf:
Symbolic name "ISA_CASH" was declared but never used
Warning: Line 161, File c:\prj\sprinter\firmware\src\altera\acex\sp2_acex.tdf:
Symbolic name "RED3" was declared but never used
Warning: Line 262, File c:\prj\sprinter\firmware\src\altera\acex\sp2_acex.tdf:
Symbolic name "V_WRXX0" was declared but never used
Warning: Line 251, File c:\prj\sprinter\firmware\src\altera\acex\sp2_acex.tdf:
Symbolic name "ALL_MODE1" was declared but never used
Warning: Line 163, File c:\prj\sprinter\firmware\src\altera\acex\sp2_acex.tdf:
Symbolic name "BLUE2" was declared but never used
Warning: Line 162, File c:\prj\sprinter\firmware\src\altera\acex\sp2_acex.tdf:
Symbolic name "GREEN2" was declared but never used
Warning: Line 215, File c:\prj\sprinter\firmware\src\altera\acex\sp2_acex.tdf:
Symbolic name "SYS_ENA" was declared but never used
Warning: Line 109, File c:\prj\sprinter\firmware\src\altera\acex\sp2_acex.tdf:
Symbolic name "DMD3" was declared but never used
Warning: Line 148, File c:\prj\sprinter\firmware\src\altera\acex\sp2_acex.tdf:
Symbolic name "T_SIGNAL" was declared but never used
Warning: Line 205, File c:\prj\sprinter\firmware\src\altera\acex\sp2_acex.tdf:
Symbolic name "CBL_R0" was declared but never used
Warning: Line 109, File c:\prj\sprinter\firmware\src\altera\acex\sp2_acex.tdf:
Symbolic name "DMD15" was declared but never used
Warning: Line 180, File c:\prj\sprinter\firmware\src\altera\acex\sp2_acex.tdf:
Symbolic name "RGMOD7" was declared but never used
Warning: Line 93, File c:\prj\sprinter\firmware\src\altera\acex\sp2_acex.tdf:
Symbolic name "ctv2" was declared but never used
Warning: Line 161, File c:\prj\sprinter\firmware\src\altera\acex\sp2_acex.tdf:
Symbolic name "RED2" was declared but never used
Warning: Line 262, File c:\prj\sprinter\firmware\src\altera\acex\sp2_acex.tdf:
Symbolic name "V_WRXX1" was declared but never used
Warning: Line 163, File c:\prj\sprinter\firmware\src\altera\acex\sp2_acex.tdf:
Symbolic name "BLUE3" was declared but never used
Warning: Line 109, File c:\prj\sprinter\firmware\src\altera\acex\sp2_acex.tdf:
Symbolic name "DMD0" was declared but never used
Warning: Line 109, File c:\prj\sprinter\firmware\src\altera\acex\sp2_acex.tdf:
Symbolic name "DMD14" was declared but never used
Warning: Line 93, File c:\prj\sprinter\firmware\src\altera\acex\sp2_acex.tdf:
Symbolic name "ctv3" was declared but never used
Warning: Line 171, File c:\prj\sprinter\firmware\src\altera\acex\sp2_acex.tdf:
Symbolic name "MDR7" was declared but never used
Warning: Line 36, File c:\prj\sprinter\firmware\src\altera\acex\sp2_acex.tdf:
Symbolic name "/HALT" was declared but never used
Warning: Line 262, File c:\prj\sprinter\firmware\src\altera\acex\sp2_acex.tdf:
Symbolic name "V_WRXX2" was declared but never used
Warning: Line 163, File c:\prj\sprinter\firmware\src\altera\acex\sp2_acex.tdf:
Symbolic name "BLUE0" was declared but never used
Warning: Line 117, File c:\prj\sprinter\firmware\src\altera\acex\sp2_acex.tdf:
Symbolic name "blank" was declared but never used
Warning: Line 109, File c:\prj\sprinter\firmware\src\altera\acex\sp2_acex.tdf:
Symbolic name "DMD1" was declared but never used
Warning: Line 93, File c:\prj\sprinter\firmware\src\altera\acex\sp2_acex.tdf:
Symbolic name "ctv4" was declared but never used
Warning: Line 242, File c:\prj\sprinter\firmware\src\altera\acex\sp2_acex.tdf:
Symbolic name "ROM_WRITE_MODE" was declared but never used
Warning: Line 171, File c:\prj\sprinter\firmware\src\altera\acex\sp2_acex.tdf:
Symbolic name "MDR6" was declared but never used
Warning: Line 262, File c:\prj\sprinter\firmware\src\altera\acex\sp2_acex.tdf:
Symbolic name "V_WRXX3" was declared but never used
Warning: Line 251, File c:\prj\sprinter\firmware\src\altera\acex\sp2_acex.tdf:
Symbolic name "ALL_MODE4" was declared but never used
Warning: Line 163, File c:\prj\sprinter\firmware\src\altera\acex\sp2_acex.tdf:
Symbolic name "BLUE1" was declared but never used
Warning: Line 165, File c:\prj\sprinter\firmware\src\altera\acex\sp2_acex.tdf:
Symbolic name "BORDER7" was declared but never used
Warning: Line 93, File c:\prj\sprinter\firmware\src\altera\acex\sp2_acex.tdf:
Symbolic name "ctv5" was declared but never used
Warning: Line 171, File c:\prj\sprinter\firmware\src\altera\acex\sp2_acex.tdf:
Symbolic name "MDR5" was declared but never used
Warning: Line 251, File c:\prj\sprinter\firmware\src\altera\acex\sp2_acex.tdf:
Symbolic name "ALL_MODE5" was declared but never used
Warning: Line 241, File c:\prj\sprinter\firmware\src\altera\acex\sp2_acex.tdf:
Symbolic name "ROM_RG7" was declared but never used
Warning: Line 165, File c:\prj\sprinter\firmware\src\altera\acex\sp2_acex.tdf:
Symbolic name "BORDER6" was declared but never used
Warning: Line 135, File c:\prj\sprinter\firmware\src\altera\acex\sp2_acex.tdf:
Symbolic name "FDD_CH" was declared but never used
Warning: Line 155, File c:\prj\sprinter\firmware\src\altera\acex\sp2_acex.tdf:
Symbolic name "KEY_D0" was declared but never used
Warning: Line 93, File c:\prj\sprinter\firmware\src\altera\acex\sp2_acex.tdf:
Symbolic name "ctv6" was declared but never used
Warning: Line 94, File c:\prj\sprinter\firmware\src\altera\acex\sp2_acex.tdf:
Symbolic name "ctf2" was declared but never used
Warning: Line 241, File c:\prj\sprinter\firmware\src\altera\acex\sp2_acex.tdf:
Symbolic name "ROM_RG6" was declared but never used
Warning: Line 171, File c:\prj\sprinter\firmware\src\altera\acex\sp2_acex.tdf:
Symbolic name "MDR4" was declared but never used
Warning: Line 251, File c:\prj\sprinter\firmware\src\altera\acex\sp2_acex.tdf:
Symbolic name "ALL_MODE6" was declared but never used
Warning: Line 92, File c:\prj\sprinter\firmware\src\altera\acex\sp2_acex.tdf:
Symbolic name "cth3" was declared but never used
Warning: Line 165, File c:\prj\sprinter\firmware\src\altera\acex\sp2_acex.tdf:
Symbolic name "BORDER5" was declared but never used
Warning: Line 162, File c:\prj\sprinter\firmware\src\altera\acex\sp2_acex.tdf:
Symbolic name "GREEN5" was declared but never used
Warning: Line 109, File c:\prj\sprinter\firmware\src\altera\acex\sp2_acex.tdf:
Symbolic name "DMD8" was declared but never used
Warning: Line 93, File c:\prj\sprinter\firmware\src\altera\acex\sp2_acex.tdf:
Symbolic name "ctv7" was declared but never used
Warning: Line 94, File c:\prj\sprinter\firmware\src\altera\acex\sp2_acex.tdf:
Symbolic name "ctf3" was declared but never used
Warning: Line 171, File c:\prj\sprinter\firmware\src\altera\acex\sp2_acex.tdf:
Symbolic name "MDR3" was declared but never used
Warning: Line 251, File c:\prj\sprinter\firmware\src\altera\acex\sp2_acex.tdf:
Symbolic name "ALL_MODE7" was declared but never used
Warning: Line 241, File c:\prj\sprinter\firmware\src\altera\acex\sp2_acex.tdf:
Symbolic name "ROM_RG5" was declared but never used
Warning: Line 161, File c:\prj\sprinter\firmware\src\altera\acex\sp2_acex.tdf:
Symbolic name "RED5" was declared but never used
Warning: Line 162, File c:\prj\sprinter\firmware\src\altera\acex\sp2_acex.tdf:
Symbolic name "GREEN4" was declared but never used
Warning: Line 109, File c:\prj\sprinter\firmware\src\altera\acex\sp2_acex.tdf:
Symbolic name "DMD9" was declared but never used
Warning: Line 94, File c:\prj\sprinter\firmware\src\altera\acex\sp2_acex.tdf:
Symbolic name "ctf0" was declared but never used
Warning: Line 171, File c:\prj\sprinter\firmware\src\altera\acex\sp2_acex.tdf:
Symbolic name "MDR2" was declared but never used
Warning: Line 109, File c:\prj\sprinter\firmware\src\altera\acex\sp2_acex.tdf:
Symbolic name "DMD13" was declared but never used
Warning: Line 180, File c:\prj\sprinter\firmware\src\altera\acex\sp2_acex.tdf:
Symbolic name "RGMOD1" was declared but never used
Warning: Line 161, File c:\prj\sprinter\firmware\src\altera\acex\sp2_acex.tdf:
Symbolic name "RED4" was declared but never used
Warning: Line 162, File c:\prj\sprinter\firmware\src\altera\acex\sp2_acex.tdf:
Symbolic name "GREEN7" was declared but never used
Warning: Line 109, File c:\prj\sprinter\firmware\src\altera\acex\sp2_acex.tdf:
Symbolic name "DMD6" was declared but never used
Warning: Line 109, File c:\prj\sprinter\firmware\src\altera\acex\sp2_acex.tdf:
Symbolic name "DMD12" was declared but never used
Warning: Line 180, File c:\prj\sprinter\firmware\src\altera\acex\sp2_acex.tdf:
Symbolic name "RGMOD2" was declared but never used
Warning: Line 171, File c:\prj\sprinter\firmware\src\altera\acex\sp2_acex.tdf:
Symbolic name "MDR1" was declared but never used
Warning: Line 136, File c:\prj\sprinter\firmware\src\altera\acex\sp2_acex.tdf:
Symbolic name "FDD_W" was declared but never used
Warning: Line 161, File c:\prj\sprinter\firmware\src\altera\acex\sp2_acex.tdf:
Symbolic name "RED7" was declared but never used
Warning: Line 163, File c:\prj\sprinter\firmware\src\altera\acex\sp2_acex.tdf:
Symbolic name "BLUE6" was declared but never used
Warning: Line 162, File c:\prj\sprinter\firmware\src\altera\acex\sp2_acex.tdf:
Symbolic name "GREEN6" was declared but never used
Warning: Line 109, File c:\prj\sprinter\firmware\src\altera\acex\sp2_acex.tdf:
Symbolic name "DMD7" was declared but never used
Warning: Line 109, File c:\prj\sprinter\firmware\src\altera\acex\sp2_acex.tdf:
Symbolic name "DMD11" was declared but never used
Warning: Line 171, File c:\prj\sprinter\firmware\src\altera\acex\sp2_acex.tdf:
Symbolic name "MDR0" was declared but never used
Warning: Line 180, File c:\prj\sprinter\firmware\src\altera\acex\sp2_acex.tdf:
Symbolic name "RGMOD3" was declared but never used
Warning: Line 161, File c:\prj\sprinter\firmware\src\altera\acex\sp2_acex.tdf:
Symbolic name "RED6" was declared but never used
Warning: Line 115, File c:\prj\sprinter\firmware\src\altera\acex\sp2_acex.tdf:
Symbolic name "start_up" was declared but never used
Warning: Line 163, File c:\prj\sprinter\firmware\src\altera\acex\sp2_acex.tdf:
Symbolic name "BLUE7" was declared but never used
Warning: Line 162, File c:\prj\sprinter\firmware\src\altera\acex\sp2_acex.tdf:
Symbolic name "GREEN1" was declared but never used
Warning: Line 109, File c:\prj\sprinter\firmware\src\altera\acex\sp2_acex.tdf:
Symbolic name "DMD4" was declared but never used
Warning: Line 57, File c:\prj\sprinter\firmware\src\altera\acex\kbd.tdf:
Symbolic name "KDD1" was declared but never used
Warning: Line 57, File c:\prj\sprinter\firmware\src\altera\acex\kbd.tdf:
Symbolic name "KDD0" was declared but never used
Warning: Line 52, File c:\prj\sprinter\firmware\src\altera\acex\kbd.tdf:
Symbolic name "KA4" was declared but never used
Warning: Line 52, File c:\prj\sprinter\firmware\src\altera\acex\kbd.tdf:
Symbolic name "KA5" was declared but never used
Warning: Line 57, File c:\prj\sprinter\firmware\src\altera\acex\kbd.tdf:
Symbolic name "KDD2" was declared but never used
Warning: Line 52, File c:\prj\sprinter\firmware\src\altera\acex\kbd.tdf:
Symbolic name "KA6" was declared but never used
Warning: Line 52, File c:\prj\sprinter\firmware\src\altera\acex\kbd.tdf:
Symbolic name "KA7" was declared but never used
Warning: Line 52, File c:\prj\sprinter\firmware\src\altera\acex\kbd.tdf:
Symbolic name "KA0" was declared but never used
Warning: Line 15, File c:\prj\sprinter\firmware\src\altera\acex\kbd.tdf:
Symbolic name "/IOM" was declared but never used
Warning: Line 52, File c:\prj\sprinter\firmware\src\altera\acex\kbd.tdf:
Symbolic name "KA1" was declared but never used
Warning: Line 52, File c:\prj\sprinter\firmware\src\altera\acex\kbd.tdf:
Symbolic name "KA2" was declared but never used
Warning: Line 52, File c:\prj\sprinter\firmware\src\altera\acex\kbd.tdf:
Symbolic name "KA3" was declared but never used
Warning: Line 16, File c:\prj\sprinter\firmware\src\altera\acex\kbd.tdf:
Symbolic name "/M1" was declared but never used
Warning: Line 63, File c:\prj\sprinter\firmware\src\altera\acex\kbd.tdf:
Symbolic name "KB_OFL" was declared but never used
Warning: Line 37, File c:\prj\sprinter\firmware\src\altera\acex\video2.tdf:
Symbolic name "D6" was declared but never used
Warning: Line 59, File c:\prj\sprinter\firmware\src\altera\acex\video2.tdf:
Symbolic name "DIR_PORT1" was declared but never used
Warning: Line 166, File c:\prj\sprinter\firmware\src\altera\acex\video2.tdf:
Symbolic name "MXL" was declared but never used
Warning: Line 138, File c:\prj\sprinter\firmware\src\altera\acex\video2.tdf:
Symbolic name "V_WEMMT" was declared but never used
Warning: Line 148, File c:\prj\sprinter\firmware\src\altera\acex\video2.tdf:
Symbolic name "V_WET3" was declared but never used
Warning: Line 139, File c:\prj\sprinter\firmware\src\altera\acex\video2.tdf:
Symbolic name "V_WEMMU" was declared but never used
Warning: Line 148, File c:\prj\sprinter\firmware\src\altera\acex\video2.tdf:
Symbolic name "V_WET2" was declared but never used
Warning: Line 92, File c:\prj\sprinter\firmware\src\altera\acex\video2.tdf:
Symbolic name "VXA19" was declared but never used
Warning: Line 140, File c:\prj\sprinter\firmware\src\altera\acex\video2.tdf:
Symbolic name "V_WEMMV" was declared but never used
Warning: Line 148, File c:\prj\sprinter\firmware\src\altera\acex\video2.tdf:
Symbolic name "V_WET1" was declared but never used
Warning: Line 132, File c:\prj\sprinter\firmware\src\altera\acex\video2.tdf:
Symbolic name "V_WEMMN" was declared but never used
Warning: Line 141, File c:\prj\sprinter\firmware\src\altera\acex\video2.tdf:
Symbolic name "V_WEMMW" was declared but never used
Warning: Line 148, File c:\prj\sprinter\firmware\src\altera\acex\video2.tdf:
Symbolic name "V_WET0" was declared but never used
Warning: Line 133, File c:\prj\sprinter\firmware\src\altera\acex\video2.tdf:
Symbolic name "V_WEMMO" was declared but never used
Warning: Line 114, File c:\prj\sprinter\firmware\src\altera\acex\video2.tdf:
Symbolic name "V_CST1" was declared but never used
Warning: Line 134, File c:\prj\sprinter\firmware\src\altera\acex\video2.tdf:
Symbolic name "V_WEMMP" was declared but never used
Warning: Line 135, File c:\prj\sprinter\firmware\src\altera\acex\video2.tdf:
Symbolic name "V_WEMMQ" was declared but never used
Warning: Line 123, File c:\prj\sprinter\firmware\src\altera\acex\video2.tdf:
Symbolic name "V_WRM2" was declared but never used
Warning: Line 120, File c:\prj\sprinter\firmware\src\altera\acex\video2.tdf:
Symbolic name "V_WEM" was declared but never used
Warning: Line 37, File c:\prj\sprinter\firmware\src\altera\acex\video2.tdf:
Symbolic name "D1" was declared but never used
Warning: Line 221, File c:\prj\sprinter\firmware\src\altera\acex\video2.tdf:
Symbolic name "V_CSX3" was declared but never used
Warning: Line 211, File c:\prj\sprinter\firmware\src\altera\acex\video2.tdf:
Symbolic name "MS_PNT" was declared but never used
Warning: Line 136, File c:\prj\sprinter\firmware\src\altera\acex\video2.tdf:
Symbolic name "V_WEMMR" was declared but never used
Warning: Line 37, File c:\prj\sprinter\firmware\src\altera\acex\video2.tdf:
Symbolic name "D0" was declared but never used
Warning: Line 118, File c:\prj\sprinter\firmware\src\altera\acex\video2.tdf:
Symbolic name "V_WEX" was declared but never used
Warning: Line 167, File c:\prj\sprinter\firmware\src\altera\acex\video2.tdf:
Symbolic name "MXR" was declared but never used
Warning: Line 130, File c:\prj\sprinter\firmware\src\altera\acex\video2.tdf:
Symbolic name "V_WEMM" was declared but never used
Warning: Line 137, File c:\prj\sprinter\firmware\src\altera\acex\video2.tdf:
Symbolic name "V_WEMMS" was declared but never used
Warning: Line 121, File c:\prj\sprinter\firmware\src\altera\acex\video2.tdf:
Symbolic name "V_WEM2" was declared but never used
Warning: Line 37, File c:\prj\sprinter\firmware\src\altera\acex\video2.tdf:
Symbolic name "D3" was declared but never used
Warning: Line 37, File c:\prj\sprinter\firmware\src\altera\acex\video2.tdf:
Symbolic name "D2" was declared but never used
Warning: Line 142, File c:\prj\sprinter\firmware\src\altera\acex\video2.tdf:
Symbolic name "V_WEMMX" was declared but never used
Warning: Line 85, File c:\prj\sprinter\firmware\src\altera\acex\video2.tdf:
Symbolic name "ZX_COLOR1" was declared but never used
Warning: Line 194, File c:\prj\sprinter\firmware\src\altera\acex\video2.tdf:
Symbolic name "X_MODE5" was declared but never used
Warning: Line 37, File c:\prj\sprinter\firmware\src\altera\acex\video2.tdf:
Symbolic name "D5" was declared but never used
Warning: Line 76, File c:\prj\sprinter\firmware\src\altera\acex\video2.tdf:
Symbolic name "MOUSE_Y9" was declared but never used
Warning: Line 143, File c:\prj\sprinter\firmware\src\altera\acex\video2.tdf:
Symbolic name "V_WEMMY" was declared but never used
Warning: Line 59, File c:\prj\sprinter\firmware\src\altera\acex\video2.tdf:
Symbolic name "DIR_PORT2" was declared but never used
Warning: Line 85, File c:\prj\sprinter\firmware\src\altera\acex\video2.tdf:
Symbolic name "ZX_COLOR0" was declared but never used
Warning: Line 183, File c:\prj\sprinter\firmware\src\altera\acex\video2.tdf:
Symbolic name "ZXS5" was declared but never used
Warning: Line 176, File c:\prj\sprinter\firmware\src\altera\acex\video2.tdf:
Symbolic name "AX128" was declared but never used
Warning: Line 37, File c:\prj\sprinter\firmware\src\altera\acex\video2.tdf:
Symbolic name "D4" was declared but never used
Warning: Line 215, File c:\prj\sprinter\firmware\src\altera\acex\video2.tdf:
Symbolic name "SCR_ENA" was declared but never used
Warning: Line 144, File c:\prj\sprinter\firmware\src\altera\acex\video2.tdf:
Symbolic name "V_WEMMZ" was declared but never used
Warning: Line 85, File c:\prj\sprinter\firmware\src\altera\acex\video2.tdf:
Symbolic name "ZX_COLOR3" was declared but never used
Warning: Line 213, File c:\prj\sprinter\firmware\src\altera\acex\video2.tdf:
Symbolic name "MS_DAT" was declared but never used
Warning: Line 37, File c:\prj\sprinter\firmware\src\altera\acex\video2.tdf:
Symbolic name "D7" was declared but never used
Warning: Line 85, File c:\prj\sprinter\firmware\src\altera\acex\video2.tdf:
Symbolic name "ZX_COLOR2" was declared but never used
Warning: Line 27, File c:\prj\sprinter\firmware\src\altera\acex\video2.tdf:
Symbolic name "START_UP" was declared but never used
Warning: Line 115, File c:\prj\sprinter\firmware\src\altera\acex\dcp.tdf:
Symbolic name "D6" was declared but never used
Warning: Line 74, File c:\prj\sprinter\firmware\src\altera\acex\dcp.tdf:
Symbolic name "G_LINE9" was declared but never used
Warning: Line 209, File c:\prj\sprinter\firmware\src\altera\acex\dcp.tdf:
Symbolic name "X_MA_2" was declared but never used
Warning: Line 130, File c:\prj\sprinter\firmware\src\altera\acex\dcp.tdf:
Symbolic name "SC5" was declared but never used
Warning: Line 209, File c:\prj\sprinter\firmware\src\altera\acex\dcp.tdf:
Symbolic name "X_MA_3" was declared but never used
Warning: Line 206, File c:\prj\sprinter\firmware\src\altera\acex\dcp.tdf:
Symbolic name "HDD_A3" was declared but never used
Warning: Line 125, File c:\prj\sprinter\firmware\src\altera\acex\dcp.tdf:
Symbolic name "MPGS7" was declared but never used
Warning: Line 130, File c:\prj\sprinter\firmware\src\altera\acex\dcp.tdf:
Symbolic name "SC6" was declared but never used
Warning: Line 209, File c:\prj\sprinter\firmware\src\altera\acex\dcp.tdf:
Symbolic name "X_MA_11" was declared but never used
Warning: Line 209, File c:\prj\sprinter\firmware\src\altera\acex\dcp.tdf:
Symbolic name "X_MA_0" was declared but never used
Warning: Line 125, File c:\prj\sprinter\firmware\src\altera\acex\dcp.tdf:
Symbolic name "MPGS6" was declared but never used
Warning: Line 130, File c:\prj\sprinter\firmware\src\altera\acex\dcp.tdf:
Symbolic name "SC7" was declared but never used
Warning: Line 209, File c:\prj\sprinter\firmware\src\altera\acex\dcp.tdf:
Symbolic name "X_MA_10" was declared but never used
Warning: Line 209, File c:\prj\sprinter\firmware\src\altera\acex\dcp.tdf:
Symbolic name "X_MA_1" was declared but never used
Warning: Line 115, File c:\prj\sprinter\firmware\src\altera\acex\dcp.tdf:
Symbolic name "D1" was declared but never used
Warning: Line 130, File c:\prj\sprinter\firmware\src\altera\acex\dcp.tdf:
Symbolic name "SC2" was declared but never used
Warning: Line 115, File c:\prj\sprinter\firmware\src\altera\acex\dcp.tdf:
Symbolic name "D0" was declared but never used
Warning: Line 209, File c:\prj\sprinter\firmware\src\altera\acex\dcp.tdf:
Symbolic name "X_MA_8" was declared but never used
Warning: Line 130, File c:\prj\sprinter\firmware\src\altera\acex\dcp.tdf:
Symbolic name "SC3" was declared but never used
Warning: Line 115, File c:\prj\sprinter\firmware\src\altera\acex\dcp.tdf:
Symbolic name "D3" was declared but never used
Warning: Line 209, File c:\prj\sprinter\firmware\src\altera\acex\dcp.tdf:
Symbolic name "X_MA_9" was declared but never used
Warning: Line 164, File c:\prj\sprinter\firmware\src\altera\acex\dcp.tdf:
Symbolic name "HDD_W3" was declared but never used
Warning: Line 115, File c:\prj\sprinter\firmware\src\altera\acex\dcp.tdf:
Symbolic name "D2" was declared but never used
Warning: Line 209, File c:\prj\sprinter\firmware\src\altera\acex\dcp.tdf:
Symbolic name "X_MA_6" was declared but never used
Warning: Line 164, File c:\prj\sprinter\firmware\src\altera\acex\dcp.tdf:
Symbolic name "HDD_W2" was declared but never used
Warning: Line 115, File c:\prj\sprinter\firmware\src\altera\acex\dcp.tdf:
Symbolic name "D5" was declared but never used
Warning: Line 209, File c:\prj\sprinter\firmware\src\altera\acex\dcp.tdf:
Symbolic name "X_MA_7" was declared but never used
Warning: Line 164, File c:\prj\sprinter\firmware\src\altera\acex\dcp.tdf:
Symbolic name "HDD_W1" was declared but never used
Warning: Line 19, File c:\prj\sprinter\firmware\src\altera\acex\dcp.tdf:
Symbolic name "NMI_SW" was declared but never used
Warning: Line 115, File c:\prj\sprinter\firmware\src\altera\acex\dcp.tdf:
Symbolic name "D4" was declared but never used
Warning: Line 209, File c:\prj\sprinter\firmware\src\altera\acex\dcp.tdf:
Symbolic name "X_MA_4" was declared but never used
Warning: Line 164, File c:\prj\sprinter\firmware\src\altera\acex\dcp.tdf:
Symbolic name "HDD_W0" was declared but never used
Warning: Line 115, File c:\prj\sprinter\firmware\src\altera\acex\dcp.tdf:
Symbolic name "D7" was declared but never used
Warning: Line 209, File c:\prj\sprinter\firmware\src\altera\acex\dcp.tdf:
Symbolic name "X_MA_5" was declared but never used
Processing ..                                       --  10% done
Warning: Line 93, File c:\prj\sprinter\firmware\src\altera\acex\acceler.tdf:
Symbolic name "XMDH5" was declared but never used
Warning: Line 88, File c:\prj\sprinter\firmware\src\altera\acex\acceler.tdf:
Symbolic name "FN_ACC2" was declared but never used
Warning: Line 124, File c:\prj\sprinter\firmware\src\altera\acex\acceler.tdf:
Symbolic name "ACC_TIME" was declared but never used
Warning: Line 93, File c:\prj\sprinter\firmware\src\altera\acex\acceler.tdf:
Symbolic name "XMDH6" was declared but never used
Warning: Line 93, File c:\prj\sprinter\firmware\src\altera\acex\acceler.tdf:
Symbolic name "XMDH7" was declared but never used
Warning: Line 78, File c:\prj\sprinter\firmware\src\altera\acex\acceler.tdf:
Symbolic name "RETN" was declared but never used
Warning: Line 69, File c:\prj\sprinter\firmware\src\altera\acex\acceler.tdf:
Symbolic name "CB_CMD" was declared but never used
Warning: Line 70, File c:\prj\sprinter\firmware\src\altera\acex\acceler.tdf:
Symbolic name "ID_CMD" was declared but never used
Warning: Line 93, File c:\prj\sprinter\firmware\src\altera\acex\acceler.tdf:
Symbolic name "XMDH0" was declared but never used
Warning: Line 93, File c:\prj\sprinter\firmware\src\altera\acex\acceler.tdf:
Symbolic name "XMDH1" was declared but never used
Warning: Line 93, File c:\prj\sprinter\firmware\src\altera\acex\acceler.tdf:
Symbolic name "XMDH2" was declared but never used
Warning: Line 12, File c:\prj\sprinter\firmware\src\altera\acex\acceler.tdf:
Symbolic name "RAS" was declared but never used
Warning: Line 104, File c:\prj\sprinter\firmware\src\altera\acex\acceler.tdf:
Symbolic name "STATE_EI" was declared but never used
Warning: Line 93, File c:\prj\sprinter\firmware\src\altera\acex\acceler.tdf:
Symbolic name "XMDH3" was declared but never used
Warning: Line 21, File c:\prj\sprinter\firmware\src\altera\acex\acceler.tdf:
Symbolic name "MC_WRITE" was declared but never used
Warning: Line 93, File c:\prj\sprinter\firmware\src\altera\acex\acceler.tdf:
Symbolic name "XMDH4" was declared but never used
Warning: Line 19, File c:\prj\sprinter\firmware\src\altera\acex\acceler.tdf:
Symbolic name "MC_BEGIN" was declared but never used
Warning: Line 294, File c:\prj\sprinter\firmware\src\altera\acex\ay.tdf:
Group "AY_GF" is missing brackets []
Warning: Line 98, File c:\prj\sprinter\firmware\src\altera\acex\ay.tdf:
Symbolic name "AY_CH_DIR7" was declared but never used
Warning: Line 61, File c:\prj\sprinter\firmware\src\altera\acex\ay.tdf:
Symbolic name "AY_ADRX3" was declared but never used
Warning: Line 98, File c:\prj\sprinter\firmware\src\altera\acex\ay.tdf:
Symbolic name "AY_CH_DIR6" was declared but never used
Warning: Line 61, File c:\prj\sprinter\firmware\src\altera\acex\ay.tdf:
Symbolic name "AY_ADRX2" was declared but never used
Warning: Line 61, File c:\prj\sprinter\firmware\src\altera\acex\ay.tdf:
Symbolic name "AY_ADRX5" was declared but never used
Warning: Line 61, File c:\prj\sprinter\firmware\src\altera\acex\ay.tdf:
Symbolic name "AY_ADRX4" was declared but never used
Warning: Line 61, File c:\prj\sprinter\firmware\src\altera\acex\ay.tdf:
Symbolic name "AY_ADRX7" was declared but never used
Warning: Line 61, File c:\prj\sprinter\firmware\src\altera\acex\ay.tdf:
Symbolic name "AY_ADRX6" was declared but never used
Warning: Line 98, File c:\prj\sprinter\firmware\src\altera\acex\ay.tdf:
Symbolic name "AY_CH_DIR1" was declared but never used
Warning: Line 98, File c:\prj\sprinter\firmware\src\altera\acex\ay.tdf:
Symbolic name "AY_CH_DIR0" was declared but never used
Warning: Line 51, File c:\prj\sprinter\firmware\src\altera\acex\ay.tdf:
Symbolic name "AY_CLK1" was declared but never used
Warning: Line 98, File c:\prj\sprinter\firmware\src\altera\acex\ay.tdf:
Symbolic name "AY_CH_DIR3" was declared but never used
Warning: Line 34, File c:\prj\sprinter\firmware\src\altera\acex\ay.tdf:
Symbolic name "AWR" was declared but never used
Warning: Line 43, File c:\prj\sprinter\firmware\src\altera\acex\ay.tdf:
Symbolic name "AY_AAX1" was declared but never used
Warning: Line 98, File c:\prj\sprinter\firmware\src\altera\acex\ay.tdf:
Symbolic name "AY_CH_DIR2" was declared but never used
Warning: Line 98, File c:\prj\sprinter\firmware\src\altera\acex\ay.tdf:
Symbolic name "AY_CH_DIR5" was declared but never used
Warning: Line 62, File c:\prj\sprinter\firmware\src\altera\acex\ay.tdf:
Symbolic name "AY_CCC8" was declared but never used
Warning: Line 98, File c:\prj\sprinter\firmware\src\altera\acex\ay.tdf:
Symbolic name "AY_CH_DIR4" was declared but never used
Warning: Line 61, File c:\prj\sprinter\firmware\src\altera\acex\ay.tdf:
Symbolic name "AY_ADRX1" was declared but never used
Warning: Line 61, File c:\prj\sprinter\firmware\src\altera\acex\ay.tdf:
Symbolic name "AY_ADRX0" was declared but never used
Processing ...                                      -- 100% done
Info: Compiling project with user-specified timing assignments

**** Database Builder  ****

Processing .                                        --   0% done
Processing ..                                       -- 100% done

**** Logic Synthesizer  ****

Processing .                                        --   0% done
Warning: Flipflop 'AY_FULL0' stuck at GND
Warning: TRI or OPNDRN buffer ':1449' is permanently disabled
Warning: TRI or OPNDRN buffer ':1449' is permanently disabled
Info: Presettable registers will power up high
Info: DEV_CLRn will set presettable registers due to NOT Gate Push-Back
Info: Ignored unnecessary memory segment '|video2:SVIDEO|lpm_ram_dp:MS_DAT|altdpram:sram|segment0_15' -- no project outputs depend on it
Info: Ignored unnecessary memory segment '|video2:SVIDEO|lpm_ram_dp:MS_DAT|altdpram:sram|segment0_14' -- no project outputs depend on it
Info: Ignored unnecessary memory segment '|video2:SVIDEO|lpm_ram_dp:MS_DAT|altdpram:sram|segment0_13' -- no project outputs depend on it
Info: Ignored unnecessary memory segment '|video2:SVIDEO|lpm_ram_dp:MS_DAT|altdpram:sram|segment0_12' -- no project outputs depend on it
Info: Ignored unnecessary memory segment '|video2:SVIDEO|lpm_ram_dp:MS_DAT|altdpram:sram|segment0_11' -- no project outputs depend on it
Info: Ignored unnecessary memory segment '|video2:SVIDEO|lpm_ram_dp:MS_DAT|altdpram:sram|segment0_10' -- no project outputs depend on it
Info: Ignored unnecessary memory segment '|video2:SVIDEO|lpm_ram_dp:MS_DAT|altdpram:sram|segment0_9' -- no project outputs depend on it
Info: Ignored unnecessary memory segment '|video2:SVIDEO|lpm_ram_dp:MS_DAT|altdpram:sram|segment0_8' -- no project outputs depend on it
Info: Ignored unnecessary memory segment '|video2:SVIDEO|lpm_ram_dp:MS_DAT|altdpram:sram|segment0_7' -- no project outputs depend on it
Info: Ignored unnecessary memory segment '|video2:SVIDEO|lpm_ram_dp:MS_DAT|altdpram:sram|segment0_6' -- no project outputs depend on it
Info: Ignored unnecessary memory segment '|video2:SVIDEO|lpm_ram_dp:MS_DAT|altdpram:sram|segment0_5' -- no project outputs depend on it
Info: Ignored unnecessary memory segment '|video2:SVIDEO|lpm_ram_dp:MS_DAT|altdpram:sram|segment0_4' -- no project outputs depend on it
Info: Ignored unnecessary memory segment '|video2:SVIDEO|lpm_ram_dp:MS_DAT|altdpram:sram|segment0_3' -- no project outputs depend on it
Info: Ignored unnecessary memory segment '|video2:SVIDEO|lpm_ram_dp:MS_DAT|altdpram:sram|segment0_2' -- no project outputs depend on it
Info: Ignored unnecessary memory segment '|video2:SVIDEO|lpm_ram_dp:MS_DAT|altdpram:sram|segment0_1' -- no project outputs depend on it
Info: Ignored unnecessary memory segment '|video2:SVIDEO|lpm_ram_dp:MS_DAT|altdpram:sram|segment0_0' -- no project outputs depend on it
Info: Ignored unnecessary memory segment '|acceler:ACC|lpm_ram_dp:RAM|altdpram:sram|segment0_15' -- no project outputs depend on it
Info: Ignored unnecessary memory segment '|acceler:ACC|lpm_ram_dp:RAM|altdpram:sram|segment0_14' -- no project outputs depend on it
Info: Ignored unnecessary memory segment '|acceler:ACC|lpm_ram_dp:RAM|altdpram:sram|segment0_13' -- no project outputs depend on it
Info: Ignored unnecessary memory segment '|acceler:ACC|lpm_ram_dp:RAM|altdpram:sram|segment0_12' -- no project outputs depend on it
Info: Ignored unnecessary memory segment '|acceler:ACC|lpm_ram_dp:RAM|altdpram:sram|segment0_11' -- no project outputs depend on it
Info: Ignored unnecessary memory segment '|acceler:ACC|lpm_ram_dp:RAM|altdpram:sram|segment0_10' -- no project outputs depend on it
Info: Ignored unnecessary memory segment '|acceler:ACC|lpm_ram_dp:RAM|altdpram:sram|segment0_9' -- no project outputs depend on it
Info: Ignored unnecessary memory segment '|acceler:ACC|lpm_ram_dp:RAM|altdpram:sram|segment0_8' -- no project outputs depend on it
Info: Ignored unnecessary memory segment '|lpm_ram_dp:CBL|altdpram:sram|segment0_0' -- no project outputs depend on it
Processing ..                                       -- 100% done

**** Partitioner  ****

Processing .                                        --   0% done
Warning: Project has user pin or logic cell assignments, but has never been compiled before. For best fitting results, let the Compiler choose the first set of assignments instead.
Info: Reserved unused input pin '/HALT' for future use because it has a pin assignment -- pin is tri-stated and must be connected to your board
Warning: Ignored Increase Input Delay logic option on pin '/wr' -- pin is either a global pin or is assigned to a dedicated input pin
Warning: Ignored Increase Input Delay logic option on pin '/io' -- pin is either a global pin or is assigned to a dedicated input pin
Warning: Ignored Increase Input Delay logic option on pin '/rd' -- pin is either a global pin or is assigned to a dedicated input pin
Warning: Ignored Increase Input Delay logic option on pin '/mr' -- pin is either a global pin or is assigned to a dedicated input pin
Warning: Ignored Increase Input Delay logic option on pin '/HALT' -- pin is either a global pin or is assigned to a dedicated input pin
Processing ..                                       -- 100% done

**** Fitter  ****

Processing .                                        --   0% done
Processing ..                                       --  50% done
Processing ...                                      --  80% done
Info: Chip 'SP2_ACEX' in device 'EP1K30QC208-3' has less than 20% of logic cells available for future logic changes -- if your project is likely to change, Altera recommends using a larger device
Info: Chip 'SP2_ACEX' in device 'EP1K30QC208-3' has less than 20% of pins available for future logic changes -- if your project is likely to change, Altera recommends using a larger device
Processing ....                                     --  90% done
Processing .....                                    -- 100% done
Warning: Node '|dcp:DECODE|:285' has assignments but doesn't exist or is a primitive array -- edit the project's ACF to fix the problem
Warning: Node '|video2:SVIDEO|V_WEM' has assignments but doesn't exist or is a primitive array -- edit the project's ACF to fix the problem
Warning: Node '|video2:SVIDEO|V_WEM2' has assignments but doesn't exist or is a primitive array -- edit the project's ACF to fix the problem
Warning: Node '|video2:SVIDEO|V_WEMM' has assignments but doesn't exist or is a primitive array -- edit the project's ACF to fix the problem
Warning: Node '|video2:SVIDEO|V_WEMMN' has assignments but doesn't exist or is a primitive array -- edit the project's ACF to fix the problem
Warning: Node '|video2:SVIDEO|V_WEMMO' has assignments but doesn't exist or is a primitive array -- edit the project's ACF to fix the problem
Warning: Node '|video2:SVIDEO|V_WRM2' has assignments but doesn't exist or is a primitive array -- edit the project's ACF to fix the problem

**** Timing SNF Extractor  ****

Processing .                                        --   0% done
Warning: Timing characteristics of device EP1K30QC208-3 are preliminary
Processing ..                                       -- 100% done
Info: One or more paths have been found between registers controlled by different clocks -- can't calculate fmax for those paths
Warning: Found ripple clock -- warning messages and Report File information on tco, tsu, and fmax may be inaccurate
Info: Delay path is controlled by inverted clocks -- assuming 50% duty cycle
Warning: Can't provide fmax of 100.00 MHz on Clock pin "TG42". Current fmax is 43.10 MHz.
Info: Found a total of 1 timing assignments that were not implemented
Project compilation was successful
      0 errors
    248 warnings
ŤĄ ă¤ Ąâáď ­ ©â¨ C:\prj\Sprinter\firmware\src\altera\acex\*.bak
ŤĄ ă¤ Ąâáď ­ ©â¨ C:\prj\Sprinter\firmware\src\altera\acex\*.db?
ŤĄ ă¤ Ąâáď ­ ©â¨ C:\prj\Sprinter\firmware\src\altera\acex\*.mtb
ŤĄ ă¤ Ąâáď ­ ©â¨ C:\prj\Sprinter\firmware\src\altera\acex\*.SCF
transform ttf-file to binary
Copyright (c) 2021 Sprinter Team
transform done.
